\BOOKMARK [0][-]{figure.caption.1}{Acknowledgement}{}% 1
\BOOKMARK [0][-]{figure.caption.1}{Abstract}{}% 2
\BOOKMARK [0][-]{figure.caption.1}{List of Figures}{}% 3
\BOOKMARK [0][-]{chapter.1}{Introduction}{}% 4
\BOOKMARK [1][-]{section.1.1}{Background}{chapter.1}% 5
\BOOKMARK [1][-]{section.1.2}{Motivation}{chapter.1}% 6
\BOOKMARK [1][-]{section.1.3}{Problem Statement}{chapter.1}% 7
\BOOKMARK [1][-]{section.1.4}{Objectives}{chapter.1}% 8
\BOOKMARK [0][-]{chapter.2}{Related Works}{}% 9
\BOOKMARK [1][-]{section.2.1}{Bag-of-Words Based Models}{chapter.2}% 10
\BOOKMARK [1][-]{section.2.2}{Deep Learning Based Models}{chapter.2}% 11
\BOOKMARK [0][-]{chapter.3}{Initial Attempts}{}% 12
\BOOKMARK [1][-]{section.3.1}{Nearest Neighbor Classifier}{chapter.3}% 13
\BOOKMARK [2][-]{subsection.3.1.1}{k - Nearest Neighbor Classifier}{section.3.1}% 14
\BOOKMARK [2][-]{subsection.3.1.2}{Cross-validation}{section.3.1}% 15
\BOOKMARK [1][-]{section.3.2}{Linear Classification}{chapter.3}% 16
\BOOKMARK [1][-]{section.3.3}{Softmax Classifier}{chapter.3}% 17
\BOOKMARK [1][-]{section.3.4}{Optimization : Gradient Descent}{chapter.3}% 18
\BOOKMARK [1][-]{section.3.5}{Neural Network in Object Detection}{chapter.3}% 19
\BOOKMARK [0][-]{chapter.4}{Dataset}{}% 20
\BOOKMARK [1][-]{section.4.1}{Single Label Dataset}{chapter.4}% 21
\BOOKMARK [2][-]{subsection.4.1.1}{CIFAR-10 Dataset}{section.4.1}% 22
\BOOKMARK [1][-]{section.4.2}{Multi Label Dataset}{chapter.4}% 23
\BOOKMARK [0][-]{chapter.5}{The Architecture}{}% 24
\BOOKMARK [1][-]{section.5.1}{The Architecture}{chapter.5}% 25
\BOOKMARK [2][-]{subsection.5.1.1}{Architecture for classifying single label images}{section.5.1}% 26
\BOOKMARK [2][-]{subsection.5.1.2}{Normalization on CIFAR-10}{section.5.1}% 27
\BOOKMARK [1][-]{section.5.2}{Object Recognition}{chapter.5}% 28
\BOOKMARK [2][-]{subsection.5.2.1}{Measuring the objectness of image windows}{section.5.2}% 29
\BOOKMARK [2][-]{subsection.5.2.2}{Selective Search for Object Recognition}{section.5.2}% 30
\BOOKMARK [2][-]{subsection.5.2.3}{Architecture For Classifying Multi-Label Images}{section.5.2}% 31
\BOOKMARK [0][-]{chapter.6}{Experimental Result}{}% 32
\BOOKMARK [1][-]{section.6.1}{Experimental Results}{chapter.6}% 33
\BOOKMARK [2][-]{subsection.6.1.1}{Experimental Result for CIFAR-10}{section.6.1}% 34
\BOOKMARK [2][-]{subsection.6.1.2}{Experimental Result for Multi-Label Image Classification}{section.6.1}% 35
\BOOKMARK [0][-]{chapter.7}{Tools and Recommendations for Future Works}{}% 36
\BOOKMARK [1][-]{section.7.1}{Used Tools}{chapter.7}% 37
\BOOKMARK [1][-]{section.7.2}{Future Works}{chapter.7}% 38
\BOOKMARK [0][-]{chapter.8}{Conclusion}{}% 39
